Strangers/app/build/intermediates/manifest_merge_blame_file/debug/manifest-merger-blame-debug-report.txt
1<?xml version="1.0" encoding="utf-8"?>
2<manifest xmlns:android="http://schemas.android.com/apk/res/android"
3    package="com.example.strangers"
4    android:versionCode="1"
5    android:versionName="1.0" >
6
7    <uses-sdk
8        android:minSdkVersion="16"
8-->src\main\AndroidManifest.xml
9        android:targetSdkVersion="30" />
9-->src\main\AndroidManifest.xml
10
11    <uses-permission android:name="android.permission.INTERNET" />
11-->[com.google.firebase:firebase-auth:21.0.1] AndroidManifest.xml:23:5-67
11-->[com.google.firebase:firebase-auth:21.0.1] AndroidManifest.xml:23:22-64
12    <uses-permission android:name="android.permission.ACCESS_NETWORK_STATE" /> <!-- Android package visibility setting -->
12-->[com.google.firebase:firebase-auth:21.0.1] AndroidManifest.xml:24:5-79
12-->[com.google.firebase:firebase-auth:21.0.1] AndroidManifest.xml:24:22-76
13    <queries>
13-->[com.google.android.gms:play-services-ads-lite:20.1.0] AndroidManifest.xml:27:5-43:15
14
15        <!-- For browser content -->
16        <intent>
16-->[com.google.android.gms:play-services-ads-lite:20.1.0] AndroidManifest.xml:30:9-36:18
17            <action android:name="android.intent.action.VIEW" />
17-->[com.google.firebase:firebase-auth:21.0.1] AndroidManifest.xml:34:17-69
17-->[com.google.firebase:firebase-auth:21.0.1] AndroidManifest.xml:34:25-66
18
19            <category android:name="android.intent.category.BROWSABLE" />
19-->[com.google.firebase:firebase-auth:21.0.1] AndroidManifest.xml:37:17-78
19-->[com.google.firebase:firebase-auth:21.0.1] AndroidManifest.xml:37:27-75
20
21            <data android:scheme="https" />
21-->[com.google.firebase:firebase-auth:21.0.1] AndroidManifest.xml:39:17-42:51
21-->[com.google.firebase:firebase-auth:21.0.1] AndroidManifest.xml:42:21-48
22        </intent>
23        <!-- End of browser content -->
24        <!-- For CustomTabsService -->
25        <intent>
25-->[com.google.android.gms:play-services-ads-lite:20.1.0] AndroidManifest.xml:39:9-41:18
26            <action android:name="android.support.customtabs.action.CustomTabsService" />
26-->[com.google.android.gms:play-services-ads-lite:20.1.0] AndroidManifest.xml:40:13-90
26-->[com.google.android.gms:play-services-ads-lite:20.1.0] AndroidManifest.xml:40:21-87
27        </intent>
28        <!-- End of CustomTabsService -->
29    </queries>
30
31    <uses-permission android:name="android.permission.WAKE_LOCK" />
31-->[com.google.android.gms:play-services-measurement-sdk-api:18.0.0] AndroidManifest.xml:25:5-68
31-->[com.google.android.gms:play-services-measurement-sdk-api:18.0.0] AndroidManifest.xml:25:22-65
32    <uses-permission android:name="android.permission.RECEIVE_BOOT_COMPLETED" />
32-->[androidx.work:work-runtime:2.1.0] AndroidManifest.xml:27:5-81
32-->[androidx.work:work-runtime:2.1.0] AndroidManifest.xml:27:22-78
33
34    <application
34-->src\main\AndroidManifest.xml:5:5-48:19
35        android:name="android.support.multidex.MultiDexApplication"
35-->src\main\AndroidManifest.xml:12:9-68
36        android:allowBackup="true"
36-->src\main\AndroidManifest.xml:6:9-35
37        android:appComponentFactory="androidx.core.app.CoreComponentFactory"
37-->[androidx.core:core:1.5.0] AndroidManifest.xml:24:18-86
38        android:debuggable="true"
39        android:icon="@mipmap/ic_launcher"
39-->src\main\AndroidManifest.xml:7:9-43
40        android:label="@string/app_name"
40-->src\main\AndroidManifest.xml:8:9-41
41        android:roundIcon="@mipmap/ic_launcher_round"
41-->src\main\AndroidManifest.xml:9:9-54
42        android:supportsRtl="true"
42-->src\main\AndroidManifest.xml:10:9-35
43        android:testOnly="true"
44        android:theme="@style/Theme.Strangers" >
44-->src\main\AndroidManifest.xml:11:9-47
45        <activity android:name="com.example.strangers.Admin_person2" />
45-->src\main\AndroidManifest.xml:13:9-60
45-->src\main\AndroidManifest.xml:13:19-48
46        <activity android:name="com.example.strangers.Admin_Person" />
46-->src\main\AndroidManifest.xml:14:9-50
46-->src\main\AndroidManifest.xml:14:19-47
47        <activity android:name="com.example.strangers.Admin_detail2" />
47-->src\main\AndroidManifest.xml:15:9-51
47-->src\main\AndroidManifest.xml:15:19-48
48        <activity android:name="com.example.strangers.Admin_detail1" />
48-->src\main\AndroidManifest.xml:16:9-51
48-->src\main\AndroidManifest.xml:16:19-48
49        <activity android:name="com.example.strangers.Admin5" />
49-->src\main\AndroidManifest.xml:17:9-44
49-->src\main\AndroidManifest.xml:17:19-41
50        <activity android:name="com.example.strangers.Admin4" />
50-->src\main\AndroidManifest.xml:18:9-44
50-->src\main\AndroidManifest.xml:18:19-41
51        <activity android:name="com.example.strangers.Admin3" />
51-->src\main\AndroidManifest.xml:19:9-44
51-->src\main\AndroidManifest.xml:19:19-41
52        <activity android:name="com.example.strangers.Admin2" />
52-->src\main\AndroidManifest.xml:20:9-44
52-->src\main\AndroidManifest.xml:20:19-41
53        <activity android:name="com.example.strangers.Admin1" />
53-->src\main\AndroidManifest.xml:21:9-44
53-->src\main\AndroidManifest.xml:21:19-41
54        <activity android:name="com.example.strangers.Payment_2" />
54-->src\main\AndroidManifest.xml:22:9-47
54-->src\main\AndroidManifest.xml:22:19-44
55        <activity android:name="com.example.strangers.Reserve_detail1_3" />
55-->src\main\AndroidManifest.xml:23:9-55
55-->src\main\AndroidManifest.xml:23:19-52
56        <activity android:name="com.example.strangers.Reserve_detail1_2" />
56-->src\main\AndroidManifest.xml:24:9-55
56-->src\main\AndroidManifest.xml:24:19-52
57        <activity android:name="com.example.strangers.Reserve_detail1" />
57-->src\main\AndroidManifest.xml:25:9-53
57-->src\main\AndroidManifest.xml:25:19-50
58        <activity android:name="com.example.strangers.Detail_2" />
58-->src\main\AndroidManifest.xml:26:9-46
58-->src\main\AndroidManifest.xml:26:19-43
59        <activity android:name="com.example.strangers.Coupon" />
59-->src\main\AndroidManifest.xml:27:9-44
59-->src\main\AndroidManifest.xml:27:19-41
60        <activity android:name="com.example.strangers.Mileage" />
60-->src\main\AndroidManifest.xml:28:9-45
60-->src\main\AndroidManifest.xml:28:19-42
61        <activity android:name="com.example.strangers.Detail_1" />
61-->src\main\AndroidManifest.xml:29:9-46
61-->src\main\AndroidManifest.xml:29:19-43
62        <activity android:name="com.example.strangers.Payment_1" />
62-->src\main\AndroidManifest.xml:30:9-47
62-->src\main\AndroidManifest.xml:30:19-44
63        <activity android:name="com.example.strangers.Reserve_5" />
63-->src\main\AndroidManifest.xml:31:9-47
63-->src\main\AndroidManifest.xml:31:19-44
64        <activity android:name="com.example.strangers.Reserve_4" />
64-->src\main\AndroidManifest.xml:32:9-47
64-->src\main\AndroidManifest.xml:32:19-44
65        <activity android:name="com.example.strangers.Reserve_3" />
65-->src\main\AndroidManifest.xml:33:9-47
65-->src\main\AndroidManifest.xml:33:19-44
66        <activity android:name="com.example.strangers.Board_2" />
66-->src\main\AndroidManifest.xml:34:9-45
66-->src\main\AndroidManifest.xml:34:19-42
67        <activity android:name="com.example.strangers.Board_1" />
67-->src\main\AndroidManifest.xml:35:9-45
67-->src\main\AndroidManifest.xml:35:19-42
68        <activity android:name="com.example.strangers.Person_Info" />
68-->src\main\AndroidManifest.xml:36:9-49
68-->src\main\AndroidManifest.xml:36:19-46
69        <activity android:name="com.example.strangers.Reserve_2" />
69-->src\main\AndroidManifest.xml:37:9-47
69-->src\main\AndroidManifest.xml:37:19-44
70        <activity android:name="com.example.strangers.Reserve_1" />
70-->src\main\AndroidManifest.xml:38:9-47
70-->src\main\AndroidManifest.xml:38:19-44
71        <activity android:name="com.example.strangers.MainHomeActivity" />
71-->src\main\AndroidManifest.xml:39:9-54
71-->src\main\AndroidManifest.xml:39:19-51
72        <activity android:name="com.example.strangers.Sing_Up" />
72-->src\main\AndroidManifest.xml:40:9-45
72-->src\main\AndroidManifest.xml:40:19-42
73        <activity android:name="com.example.strangers.MainActivity" >
73-->src\main\AndroidManifest.xml:41:9-47:20
73-->src\main\AndroidManifest.xml:41:19-47
74            <intent-filter>
74-->src\main\AndroidManifest.xml:42:13-46:29
75                <action android:name="android.intent.action.MAIN" />
75-->src\main\AndroidManifest.xml:43:17-69
75-->src\main\AndroidManifest.xml:43:25-66
76
77                <category android:name="android.intent.category.LAUNCHER" />
77-->src\main\AndroidManifest.xml:45:17-77
77-->src\main\AndroidManifest.xml:45:27-74
78            </intent-filter>
79        </activity>
80        <activity
80-->[com.google.firebase:firebase-auth:21.0.1] AndroidManifest.xml:27:9-44:20
81            android:name="com.google.firebase.auth.internal.GenericIdpActivity"
81-->[com.google.firebase:firebase-auth:21.0.1] AndroidManifest.xml:28:13-80
82            android:excludeFromRecents="true"
82-->[com.google.firebase:firebase-auth:21.0.1] AndroidManifest.xml:29:13-46
83            android:exported="true"
83-->[com.google.firebase:firebase-auth:21.0.1] AndroidManifest.xml:30:13-36
84            android:launchMode="singleTask"
84-->[com.google.firebase:firebase-auth:21.0.1] AndroidManifest.xml:31:13-44
85            android:theme="@android:style/Theme.Translucent.NoTitleBar" >
85-->[com.google.firebase:firebase-auth:21.0.1] AndroidManifest.xml:32:13-72
86            <intent-filter>
86-->[com.google.firebase:firebase-auth:21.0.1] AndroidManifest.xml:33:13-43:29
87                <action android:name="android.intent.action.VIEW" />
87-->[com.google.firebase:firebase-auth:21.0.1] AndroidManifest.xml:34:17-69
87-->[com.google.firebase:firebase-auth:21.0.1] AndroidManifest.xml:34:25-66
88
89                <category android:name="android.intent.category.DEFAULT" />
89-->[com.google.firebase:firebase-auth:21.0.1] AndroidManifest.xml:36:17-76
89-->[com.google.firebase:firebase-auth:21.0.1] AndroidManifest.xml:36:27-73
90                <category android:name="android.intent.category.BROWSABLE" />
90-->[com.google.firebase:firebase-auth:21.0.1] AndroidManifest.xml:37:17-78
90-->[com.google.firebase:firebase-auth:21.0.1] AndroidManifest.xml:37:27-75
91
92                <data
92-->[com.google.firebase:firebase-auth:21.0.1] AndroidManifest.xml:39:17-42:51
93                    android:host="firebase.auth"
93-->[com.google.firebase:firebase-auth:21.0.1] AndroidManifest.xml:40:21-49
94                    android:path="/"
94-->[com.google.firebase:firebase-auth:21.0.1] AndroidManifest.xml:41:21-37
95                    android:scheme="genericidp" />
95-->[com.google.firebase:firebase-auth:21.0.1] AndroidManifest.xml:42:21-48
96            </intent-filter>
97        </activity>
98        <activity
98-->[com.google.firebase:firebase-auth:21.0.1] AndroidManifest.xml:45:9-62:20
99            android:name="com.google.firebase.auth.internal.RecaptchaActivity"
99-->[com.google.firebase:firebase-auth:21.0.1] AndroidManifest.xml:46:13-79
100            android:excludeFromRecents="true"
100-->[com.google.firebase:firebase-auth:21.0.1] AndroidManifest.xml:47:13-46
101            android:exported="true"
101-->[com.google.firebase:firebase-auth:21.0.1] AndroidManifest.xml:48:13-36
102            android:launchMode="singleTask"
102-->[com.google.firebase:firebase-auth:21.0.1] AndroidManifest.xml:49:13-44
103            android:theme="@android:style/Theme.Translucent.NoTitleBar" >
103-->[com.google.firebase:firebase-auth:21.0.1] AndroidManifest.xml:50:13-72
104            <intent-filter>
104-->[com.google.firebase:firebase-auth:21.0.1] AndroidManifest.xml:51:13-61:29
105                <action android:name="android.intent.action.VIEW" />
105-->[com.google.firebase:firebase-auth:21.0.1] AndroidManifest.xml:34:17-69
105-->[com.google.firebase:firebase-auth:21.0.1] AndroidManifest.xml:34:25-66
106
107                <category android:name="android.intent.category.DEFAULT" />
107-->[com.google.firebase:firebase-auth:21.0.1] AndroidManifest.xml:36:17-76
107-->[com.google.firebase:firebase-auth:21.0.1] AndroidManifest.xml:36:27-73
108                <category android:name="android.intent.category.BROWSABLE" />
108-->[com.google.firebase:firebase-auth:21.0.1] AndroidManifest.xml:37:17-78
108-->[com.google.firebase:firebase-auth:21.0.1] AndroidManifest.xml:37:27-75
109
110                <data
110-->[com.google.firebase:firebase-auth:21.0.1] AndroidManifest.xml:39:17-42:51
111                    android:host="firebase.auth"
111-->[com.google.firebase:firebase-auth:21.0.1] AndroidManifest.xml:40:21-49
112                    android:path="/"
112-->[com.google.firebase:firebase-auth:21.0.1] AndroidManifest.xml:41:21-37
113                    android:scheme="recaptcha" />
113-->[com.google.firebase:firebase-auth:21.0.1] AndroidManifest.xml:42:21-48
114            </intent-filter>
115        </activity>
116
117        <service
117-->[com.google.firebase:firebase-auth:21.0.1] AndroidManifest.xml:64:9-73:19
118            android:name="com.google.firebase.auth.api.fallback.service.FirebaseAuthFallbackService"
118-->[com.google.firebase:firebase-auth:21.0.1] AndroidManifest.xml:65:13-101
119            android:enabled="true"
119-->[com.google.firebase:firebase-auth:21.0.1] AndroidManifest.xml:66:13-35
120            android:exported="false" >
120-->[com.google.firebase:firebase-auth:21.0.1] AndroidManifest.xml:67:13-37
121            <intent-filter>
121-->[com.google.firebase:firebase-auth:21.0.1] AndroidManifest.xml:68:13-72:29
122                <action android:name="com.google.firebase.auth.api.gms.service.START" />
122-->[com.google.firebase:firebase-auth:21.0.1] AndroidManifest.xml:69:17-89
122-->[com.google.firebase:firebase-auth:21.0.1] AndroidManifest.xml:69:25-86
123
124                <category android:name="android.intent.category.DEFAULT" />
124-->[com.google.firebase:firebase-auth:21.0.1] AndroidManifest.xml:36:17-76
124-->[com.google.firebase:firebase-auth:21.0.1] AndroidManifest.xml:36:27-73
125            </intent-filter>
126        </service>
127        <service
127-->[com.google.firebase:firebase-auth:21.0.1] AndroidManifest.xml:74:9-80:19
128            android:name="com.google.firebase.components.ComponentDiscoveryService"
128-->[com.google.firebase:firebase-auth:21.0.1] AndroidManifest.xml:75:13-84
129            android:directBootAware="true"
129-->[com.google.firebase:firebase-common:20.0.0] AndroidManifest.xml:35:13-43
130            android:exported="false" >
130-->[com.google.firebase:firebase-auth:21.0.1] AndroidManifest.xml:76:13-37
131            <meta-data
131-->[com.google.firebase:firebase-auth:21.0.1] AndroidManifest.xml:77:13-79:85
132                android:name="com.google.firebase.components:com.google.firebase.auth.FirebaseAuthRegistrar"
132-->[com.google.firebase:firebase-auth:21.0.1] AndroidManifest.xml:78:17-109
133                android:value="com.google.firebase.components.ComponentRegistrar" />
133-->[com.google.firebase:firebase-auth:21.0.1] AndroidManifest.xml:79:17-82
134            <meta-data
134-->[com.google.firebase:firebase-database:20.0.0] AndroidManifest.xml:32:13-34:85
135                android:name="com.google.firebase.components:com.google.firebase.database.DatabaseRegistrar"
135-->[com.google.firebase:firebase-database:20.0.0] AndroidManifest.xml:33:17-109
136                android:value="com.google.firebase.components.ComponentRegistrar" />
136-->[com.google.firebase:firebase-database:20.0.0] AndroidManifest.xml:34:17-82
137        </service>
138
139        <activity
139-->[com.google.android.gms:play-services-base:17.1.0] AndroidManifest.xml:23:9-26:75
140            android:name="com.google.android.gms.common.api.GoogleApiActivity"
140-->[com.google.android.gms:play-services-base:17.1.0] AndroidManifest.xml:24:13-79
141            android:exported="false"
141-->[com.google.android.gms:play-services-base:17.1.0] AndroidManifest.xml:25:13-37
142            android:theme="@android:style/Theme.Translucent.NoTitleBar" />
142-->[com.google.android.gms:play-services-base:17.1.0] AndroidManifest.xml:26:13-72
143
144        <provider
144-->[com.google.firebase:firebase-common:20.0.0] AndroidManifest.xml:26:9-31:39
145            android:name="com.google.firebase.provider.FirebaseInitProvider"
145-->[com.google.firebase:firebase-common:20.0.0] AndroidManifest.xml:27:13-77
146            android:authorities="com.example.strangers.firebaseinitprovider"
146-->[com.google.firebase:firebase-common:20.0.0] AndroidManifest.xml:28:13-72
147            android:directBootAware="true"
147-->[com.google.firebase:firebase-common:20.0.0] AndroidManifest.xml:29:13-43
148            android:exported="false"
148-->[com.google.firebase:firebase-common:20.0.0] AndroidManifest.xml:30:13-37
149            android:initOrder="100" /> <!-- Include the AdActivity and InAppPurchaseActivity configChanges and themes. -->
149-->[com.google.firebase:firebase-common:20.0.0] AndroidManifest.xml:31:13-36
150        <activity
150-->[com.google.android.gms:play-services-ads-lite:20.1.0] AndroidManifest.xml:48:9-52:64
151            android:name="com.google.android.gms.ads.AdActivity"
151-->[com.google.android.gms:play-services-ads-lite:20.1.0] AndroidManifest.xml:49:13-65
152            android:configChanges="keyboard|keyboardHidden|orientation|screenLayout|uiMode|screenSize|smallestScreenSize"
152-->[com.google.android.gms:play-services-ads-lite:20.1.0] AndroidManifest.xml:50:13-122
153            android:exported="false"
153-->[com.google.android.gms:play-services-ads-lite:20.1.0] AndroidManifest.xml:51:13-37
154            android:theme="@android:style/Theme.Translucent" />
154-->[com.google.android.gms:play-services-ads-lite:20.1.0] AndroidManifest.xml:52:13-61
155
156        <provider
156-->[com.google.android.gms:play-services-ads-lite:20.1.0] AndroidManifest.xml:54:9-58:39
157            android:name="com.google.android.gms.ads.MobileAdsInitProvider"
157-->[com.google.android.gms:play-services-ads-lite:20.1.0] AndroidManifest.xml:55:13-76
158            android:authorities="com.example.strangers.mobileadsinitprovider"
158-->[com.google.android.gms:play-services-ads-lite:20.1.0] AndroidManifest.xml:56:13-73
159            android:exported="false"
159-->[com.google.android.gms:play-services-ads-lite:20.1.0] AndroidManifest.xml:57:13-37
160            android:initOrder="100" />
160-->[com.google.android.gms:play-services-ads-lite:20.1.0] AndroidManifest.xml:58:13-36
161
162        <service
162-->[com.google.android.gms:play-services-ads-lite:20.1.0] AndroidManifest.xml:60:9-63:40
163            android:name="com.google.android.gms.ads.AdService"
163-->[com.google.android.gms:play-services-ads-lite:20.1.0] AndroidManifest.xml:61:13-64
164            android:enabled="true"
164-->[com.google.android.gms:play-services-ads-lite:20.1.0] AndroidManifest.xml:62:13-35
165            android:exported="false" />
165-->[com.google.android.gms:play-services-ads-lite:20.1.0] AndroidManifest.xml:63:13-37
166
167        <meta-data
167-->[com.google.android.gms:play-services-basement:17.6.0] AndroidManifest.xml:23:9-25:69
168            android:name="com.google.android.gms.version"
168-->[com.google.android.gms:play-services-basement:17.6.0] AndroidManifest.xml:24:13-58
169            android:value="@integer/google_play_services_version" />
169-->[com.google.android.gms:play-services-basement:17.6.0] AndroidManifest.xml:25:13-66
170
171        <provider
171-->[androidx.work:work-runtime:2.1.0] AndroidManifest.xml:30:9-36:35
172            android:name="androidx.work.impl.WorkManagerInitializer"
172-->[androidx.work:work-runtime:2.1.0] AndroidManifest.xml:31:13-69
173            android:authorities="com.example.strangers.workmanager-init"
173-->[androidx.work:work-runtime:2.1.0] AndroidManifest.xml:32:13-68
174            android:directBootAware="false"
174-->[androidx.work:work-runtime:2.1.0] AndroidManifest.xml:33:13-44
175            android:exported="false"
175-->[androidx.work:work-runtime:2.1.0] AndroidManifest.xml:34:13-37
176            android:multiprocess="true" />
176-->[androidx.work:work-runtime:2.1.0] AndroidManifest.xml:35:13-40
177
178        <service
178-->[androidx.work:work-runtime:2.1.0] AndroidManifest.xml:38:9-43:35
179            android:name="androidx.work.impl.background.systemalarm.SystemAlarmService"
179-->[androidx.work:work-runtime:2.1.0] AndroidManifest.xml:39:13-88
180            android:directBootAware="false"
180-->[androidx.work:work-runtime:2.1.0] AndroidManifest.xml:40:13-44
181            android:enabled="@bool/enable_system_alarm_service_default"
181-->[androidx.work:work-runtime:2.1.0] AndroidManifest.xml:41:13-72
182            android:exported="false" />
182-->[androidx.work:work-runtime:2.1.0] AndroidManifest.xml:42:13-37
183        <service
183-->[androidx.work:work-runtime:2.1.0] AndroidManifest.xml:44:9-50:35
184            android:name="androidx.work.impl.background.systemjob.SystemJobService"
184-->[androidx.work:work-runtime:2.1.0] AndroidManifest.xml:45:13-84
185            android:directBootAware="false"
185-->[androidx.work:work-runtime:2.1.0] AndroidManifest.xml:46:13-44
186            android:enabled="@bool/enable_system_job_service_default"
186-->[androidx.work:work-runtime:2.1.0] AndroidManifest.xml:47:13-70
187            android:exported="true"
187-->[androidx.work:work-runtime:2.1.0] AndroidManifest.xml:48:13-36
188            android:permission="android.permission.BIND_JOB_SERVICE" />
188-->[androidx.work:work-runtime:2.1.0] AndroidManifest.xml:49:13-69
189
190        <receiver
190-->[androidx.work:work-runtime:2.1.0] AndroidManifest.xml:52:9-57:35
191            android:name="androidx.work.impl.utils.ForceStopRunnable$BroadcastReceiver"
191-->[androidx.work:work-runtime:2.1.0] AndroidManifest.xml:53:13-88
192            android:directBootAware="false"
192-->[androidx.work:work-runtime:2.1.0] AndroidManifest.xml:54:13-44
193            android:enabled="true"
193-->[androidx.work:work-runtime:2.1.0] AndroidManifest.xml:55:13-35
194            android:exported="false" />
194-->[androidx.work:work-runtime:2.1.0] AndroidManifest.xml:56:13-37
195        <receiver
195-->[androidx.work:work-runtime:2.1.0] AndroidManifest.xml:58:9-68:20
196            android:name="androidx.work.impl.background.systemalarm.ConstraintProxy$BatteryChargingProxy"
196-->[androidx.work:work-runtime:2.1.0] AndroidManifest.xml:59:13-106
197            android:directBootAware="false"
197-->[androidx.work:work-runtime:2.1.0] AndroidManifest.xml:60:13-44
198            android:enabled="false"
198-->[androidx.work:work-runtime:2.1.0] AndroidManifest.xml:61:13-36
199            android:exported="false" >
199-->[androidx.work:work-runtime:2.1.0] AndroidManifest.xml:62:13-37
200            <intent-filter>
200-->[androidx.work:work-runtime:2.1.0] AndroidManifest.xml:64:13-67:29
201                <action android:name="android.intent.action.ACTION_POWER_CONNECTED" />
201-->[androidx.work:work-runtime:2.1.0] AndroidManifest.xml:65:17-87
201-->[androidx.work:work-runtime:2.1.0] AndroidManifest.xml:65:25-84
202                <action android:name="android.intent.action.ACTION_POWER_DISCONNECTED" />
202-->[androidx.work:work-runtime:2.1.0] AndroidManifest.xml:66:17-90
202-->[androidx.work:work-runtime:2.1.0] AndroidManifest.xml:66:25-87
203            </intent-filter>
204        </receiver>
205        <receiver
205-->[androidx.work:work-runtime:2.1.0] AndroidManifest.xml:69:9-79:20
206            android:name="androidx.work.impl.background.systemalarm.ConstraintProxy$BatteryNotLowProxy"
206-->[androidx.work:work-runtime:2.1.0] AndroidManifest.xml:70:13-104
207            android:directBootAware="false"
207-->[androidx.work:work-runtime:2.1.0] AndroidManifest.xml:71:13-44
208            android:enabled="false"
208-->[androidx.work:work-runtime:2.1.0] AndroidManifest.xml:72:13-36
209            android:exported="false" >
209-->[androidx.work:work-runtime:2.1.0] AndroidManifest.xml:73:13-37
210            <intent-filter>
210-->[androidx.work:work-runtime:2.1.0] AndroidManifest.xml:75:13-78:29
211                <action android:name="android.intent.action.BATTERY_OKAY" />
211-->[androidx.work:work-runtime:2.1.0] AndroidManifest.xml:76:17-77
211-->[androidx.work:work-runtime:2.1.0] AndroidManifest.xml:76:25-74
212                <action android:name="android.intent.action.BATTERY_LOW" />
212-->[androidx.work:work-runtime:2.1.0] AndroidManifest.xml:77:17-76
212-->[androidx.work:work-runtime:2.1.0] AndroidManifest.xml:77:25-73
213            </intent-filter>
214        </receiver>
215        <receiver
215-->[androidx.work:work-runtime:2.1.0] AndroidManifest.xml:80:9-90:20
216            android:name="androidx.work.impl.background.systemalarm.ConstraintProxy$StorageNotLowProxy"
216-->[androidx.work:work-runtime:2.1.0] AndroidManifest.xml:81:13-104
217            android:directBootAware="false"
217-->[androidx.work:work-runtime:2.1.0] AndroidManifest.xml:82:13-44
218            android:enabled="false"
218-->[androidx.work:work-runtime:2.1.0] AndroidManifest.xml:83:13-36
219            android:exported="false" >
219-->[androidx.work:work-runtime:2.1.0] AndroidManifest.xml:84:13-37
220            <intent-filter>
220-->[androidx.work:work-runtime:2.1.0] AndroidManifest.xml:86:13-89:29
221                <action android:name="android.intent.action.DEVICE_STORAGE_LOW" />
221-->[androidx.work:work-runtime:2.1.0] AndroidManifest.xml:87:17-83
221-->[androidx.work:work-runtime:2.1.0] AndroidManifest.xml:87:25-80
222                <action android:name="android.intent.action.DEVICE_STORAGE_OK" />
222-->[androidx.work:work-runtime:2.1.0] AndroidManifest.xml:88:17-82
222-->[androidx.work:work-runtime:2.1.0] AndroidManifest.xml:88:25-79
223            </intent-filter>
224        </receiver>
225        <receiver
225-->[androidx.work:work-runtime:2.1.0] AndroidManifest.xml:91:9-100:20
226            android:name="androidx.work.impl.background.systemalarm.ConstraintProxy$NetworkStateProxy"
226-->[androidx.work:work-runtime:2.1.0] AndroidManifest.xml:92:13-103
227            android:directBootAware="false"
227-->[androidx.work:work-runtime:2.1.0] AndroidManifest.xml:93:13-44
228            android:enabled="false"
228-->[androidx.work:work-runtime:2.1.0] AndroidManifest.xml:94:13-36
229            android:exported="false" >
229-->[androidx.work:work-runtime:2.1.0] AndroidManifest.xml:95:13-37
230            <intent-filter>
230-->[androidx.work:work-runtime:2.1.0] AndroidManifest.xml:97:13-99:29
231                <action android:name="android.net.conn.CONNECTIVITY_CHANGE" />
231-->[androidx.work:work-runtime:2.1.0] AndroidManifest.xml:98:17-79
231-->[androidx.work:work-runtime:2.1.0] AndroidManifest.xml:98:25-76
232            </intent-filter>
233        </receiver>
234        <receiver
234-->[androidx.work:work-runtime:2.1.0] AndroidManifest.xml:101:9-112:20
235            android:name="androidx.work.impl.background.systemalarm.RescheduleReceiver"
235-->[androidx.work:work-runtime:2.1.0] AndroidManifest.xml:102:13-88
236            android:directBootAware="false"
236-->[androidx.work:work-runtime:2.1.0] AndroidManifest.xml:103:13-44
237            android:enabled="false"
237-->[androidx.work:work-runtime:2.1.0] AndroidManifest.xml:104:13-36
238            android:exported="false" >
238-->[androidx.work:work-runtime:2.1.0] AndroidManifest.xml:105:13-37
239            <intent-filter>
239-->[androidx.work:work-runtime:2.1.0] AndroidManifest.xml:107:13-111:29
240                <action android:name="android.intent.action.BOOT_COMPLETED" />
240-->[androidx.work:work-runtime:2.1.0] AndroidManifest.xml:108:17-79
240-->[androidx.work:work-runtime:2.1.0] AndroidManifest.xml:108:25-76
241                <action android:name="android.intent.action.TIME_SET" />
241-->[androidx.work:work-runtime:2.1.0] AndroidManifest.xml:109:17-73
241-->[androidx.work:work-runtime:2.1.0] AndroidManifest.xml:109:25-70
242                <action android:name="android.intent.action.TIMEZONE_CHANGED" />
242-->[androidx.work:work-runtime:2.1.0] AndroidManifest.xml:110:17-81
242-->[androidx.work:work-runtime:2.1.0] AndroidManifest.xml:110:25-78
243            </intent-filter>
244        </receiver>
245        <receiver
245-->[androidx.work:work-runtime:2.1.0] AndroidManifest.xml:113:9-122:20
246            android:name="androidx.work.impl.background.systemalarm.ConstraintProxyUpdateReceiver"
246-->[androidx.work:work-runtime:2.1.0] AndroidManifest.xml:114:13-99
247            android:directBootAware="false"
247-->[androidx.work:work-runtime:2.1.0] AndroidManifest.xml:115:13-44
248            android:enabled="@bool/enable_system_alarm_service_default"
248-->[androidx.work:work-runtime:2.1.0] AndroidManifest.xml:116:13-72
249            android:exported="false" >
249-->[androidx.work:work-runtime:2.1.0] AndroidManifest.xml:117:13-37
250            <intent-filter>
250-->[androidx.work:work-runtime:2.1.0] AndroidManifest.xml:119:13-121:29
251                <action android:name="androidx.work.impl.background.systemalarm.UpdateProxies" />
251-->[androidx.work:work-runtime:2.1.0] AndroidManifest.xml:120:17-98
251-->[androidx.work:work-runtime:2.1.0] AndroidManifest.xml:120:25-95
252            </intent-filter>
253        </receiver>
254
255        <service
255-->[androidx.room:room-runtime:2.1.0] AndroidManifest.xml:25:9-27:40
256            android:name="androidx.room.MultiInstanceInvalidationService"
256-->[androidx.room:room-runtime:2.1.0] AndroidManifest.xml:26:13-74
257            android:exported="false" />
257-->[androidx.room:room-runtime:2.1.0] AndroidManifest.xml:27:13-37
258    </application>
259
260</manifest>